<?xml version="1.0" encoding="UTF-8"?>
<!-- Generated by org.testng.reporters.JUnitReportReporter -->
<testsuite hostname="DESKTOP-PT64OKO" failures="0" tests="2" name="qaclickacademy.RestApiTest" time="0.002" errors="0" timestamp="2021-07-20T17:46:29 IST" skipped="0">
  <testcase classname="qaclickacademy.RestApiTest" name="twitterdelete" time="0.001"/>
  <system-out/>
  <testcase classname="qaclickacademy.RestApiTest" name="Jirapost" time="0.001"/>
  <system-out/>
</testsuite> <!-- qaclickacademy.RestApiTest -->
