<?xml version="1.0" encoding="UTF-8"?>
<!-- Generated by org.testng.reporters.JUnitReportReporter -->
<testsuite hostname="DESKTOP-PT64OKO" failures="0" tests="2" name="qaclickacademy.AppiumTest" time="0.000" errors="0" timestamp="2021-07-20T17:45:59 IST" skipped="0">
  <testcase classname="qaclickacademy.AppiumTest" name="iosapps" time="0.000"/>
  <system-out/>
  <testcase classname="qaclickacademy.AppiumTest" name="nativeappandroid" time="0.000"/>
  <system-out/>
</testsuite> <!-- qaclickacademy.AppiumTest -->
